1732808326439:help
1732808347355:quit
1732808500414:hello
1732808642498:quit
1732809399573:hello
1732868260542:stacktrace
1732873796193:help
1732873991126:getalluser
1732874010264:getallusers
1732874043791:stacktrace
1732874068775:login
1732874146951:login --username=fieu --password=fyezu
1732874191332:login --username=robin --password=pass
1732875236705:login --username = robin --password = pass
1732875274972:stacktrace
1732876387699:login --username robin --password pass
1732876431080:getallusers
1732876443847:stacktrace
1732890935689:getallusers
1732891128733:login --username robin --password frue
1732891160006:login --username robin --password pass
1732891176443:getallusers
1732891230207:login --username guido --password pass
1732891247869:getallusers
1732891265535:stacktrace
1732892386869:login --username robin --password pass
1732892425510:getspecificuser --id 1
1732892466412:getallusers
1732892736564:login --username robin --password pass
1732892762605:getspecificuser --id 2
1732892805919:getspecificuser --id 1
1732892813979:getspecificuser --id 3
1732893162278:login --username robin --password pass
1732893180074:getspecificuser --id 2
1733126565115:login --username robin --password pass
1733126580015:getallusers
1733126631909:getspecificuser --id 2
1733127381719:login --username robin --password pass
1733127409002:getspecificuser --id 2
1733131543173:login --username robin --password pass
1733131730185:createnewuser --id 4 --username bob --password bob --role intern
1733131806522:login --username robin --password pass
1733131818422:createnewuser --id 4 --username bob --password bob --role intern
1733131850259:stacktrace
1733131882586:getallusers
1733131899999:getspecificuser --id 3
1733132051330:login --username robin --password pass
1733132057554:getallusers
1733132069642:getspecificuser
1733132107564:getspecificuser --id 2
1733132160830:login --username robin --password pass
1733132174074:getspecificuser --id 2
1733133767406:login --username robin --password pass
1733133827851:createnewuser --id 4 --username bob --password bob --role intern
1733134417220:login --username robin --password pass
1733134477710:updateuser --id 4 --username jef --password jef --role accountant
1733135015922:login --username robin --password pass
1733135033864:deletespecificuser --id 4
1733136881350:login --username robin --password pass
1733136889828:getallusers
1733136920650:getspecificuser --id 3
1733136988671:createnewuser --id 4 --username bob --password bob --role intern
1733137035096:updateuser --id 4 --username jef --password bob --role intern
1733137060730:deletespecificuser --id 4
1733146910536:login --username robin --password pass
1733146925277:getallinvoices
1733146975647:getspecificinvoice --id 1
1733147120613:createnewinvoice --id 5 --companyId 1 --contactId 1
1733147183809:updateinvoice --id 5 --companyId 1 --contactId 2
1733147212672:deletespecificinvoice --id 5
1733149418841:login --username robin --password pass
1733149428988:getallcompanies
1733149486500:login --username robin --password pass
1733149495474:getallcompanies
1733149528912:getspecificcompany --id 1
1733149631700:createnewcompany --id 3 --name vvf --country china --vat hb --type client
1733149708612:updatecompany --id 3 --name vvf --country france --vat hb --type client
1733149731360:deletespecificcompany --id 3
1733153410291:login --username robin --password pass
1733153419085:getallcontacts
1733153469091:getspecificcontact --id 1
1733153597478:createnewcontact --id 4 --firstname urfh --lastname jfr -- phone 156 --email erbh@telenet.be --companyid 1
1733153738019:stacktrace
1733154012312:createnewcontact --id 4 --firstname urfh --lastname jfr -- phone 156 --email erbh --companyid 1
1733301297284:login --username robin --password pass
1733301311062:getallcontacts
1733301482980:getspecificcontact --id 1
1733302440313:createnewcontact --id 4 --firstname rkne --lastname rif --phone 1896 --email feer@telenet.be --companyid 1
1733302530750:updatecontact --id 4 --firstname peter --lastname rif --phone 1896 --email feer@telenet.be --companyid 1
1733302571948:deletespecificcontact --id 4
1733305279410:login --username robin --password pass
1733305304881:getallcompanies
1733305668299:login --username robin --password pass
1733305682206:getallcompanies
1733306287012:login --username robin --password pass
1733306293115:getallcompanies
1733306345864:getallcompanies --type client
1733307688254:login --username robin --password pass
1733307705966:getallcompanies --type client
1733317127101:@Secured({"ROLE_ADMIN", "ROLE_ACCOUNTANT", "ROLE_INTERN"})
1733317127113:GetMapping("/companies")
1733317127123:ublic String getAllCompanies(@RequestParam(name="type", required = false) String type){
1733317127131:String string = "";
1733317127139:if(type != null) {
1733317127151:for(Company com : service.getAllCompanies().stream().filter(company -> company.getType().equals(type)).toList()) {
1733317127157:tring += com.toString() + "\\n\\n";
1733317127164:tring = printAllRelatedContacts(string, com.getId());
1733317127168:}
1733317127173:else {
1733317127178:for(Company com : service.getAllCompanies()) {
1733317127183:tring += com.toString() + "\\n\\n";
1733317127188:tring = printAllRelatedContacts(string, com.getId());
1733317127192:}
1733317127198:return string;
1733317168314:help
1733317222260:login --username robin --password pass
1733317237305:getallcompanies
1733317267292:getallcompanies --type provider
